[2023-07-23 00:03:08] INFO root fetch - main [MainThread]: Get Changelog since Serial: [18997952]
[2023-07-23 00:03:13] INFO root fetch - main [MainThread]: Found 7 changed packages
[2023-07-23 00:03:13] INFO root fetch - processPackages [ThreadPoolExecutor-0_0]: Start processing: moptipyapps
[2023-07-23 00:03:13] INFO root fetch - processPackages [ThreadPoolExecutor-0_1]: Start processing: params-proto
[2023-07-23 00:03:13] INFO root fetch - processPackages [ThreadPoolExecutor-0_2]: Start processing: wyze-sdk
[2023-07-23 00:03:13] INFO root fetch - processPackages [ThreadPoolExecutor-0_3]: Start processing: MyBaleCloud
[2023-07-23 00:03:13] INFO root fetch - processPackages [ThreadPoolExecutor-0_4]: Start processing: SageLogger
[2023-07-23 00:03:13] INFO root fetch - processPackages [ThreadPoolExecutor-0_5]: Start processing: MyBaleCloud
[2023-07-23 00:03:13] INFO root fetch - processPackages [ThreadPoolExecutor-0_6]: Start processing: ElisionPy
[2023-07-23 00:03:13] WARNING root fetch - processPackages [SageLogger]: Skipping, unable to determine old version
[2023-07-23 00:03:13] INFO root fetch - main [MainThread]: End processing [SageLogger] error
[2023-07-23 00:03:13] INFO root fetch - processPackages [moptipyapps]: New version: [0.8.9] Old Version: [0.8.8]
[2023-07-23 00:03:13] INFO root fetch - processPackages [wyze-sdk]: New version: [2.0.0] Old Version: [1.9.0]
[2023-07-23 00:03:13] INFO root fetch - processPackages [ElisionPy]: New version: [0.0.8] Old Version: [0.0.7]
[2023-07-23 00:03:13] INFO root fetch - processPackages [MyBaleCloud]: New version: [0.2] Old Version: [0.1]
[2023-07-23 00:03:13] INFO root fetch - processPackages [MyBaleCloud]: New version: [0.2] Old Version: [0.1]
[2023-07-23 00:03:13] INFO root fetch - processPackages [params-proto]: New version: [2.9.7] Old Version: [2.9.6]
[2023-07-23 00:03:13] INFO root fetch - processPackages [MyBaleCloud]: Downloading https://files.pythonhosted.org/packages/25/bc/c30877d24b37c492ba7dedfaa6b78be46d7a3136da975b0e19a477c195e2/MyBaleCloud-0.1.tar.gz
[2023-07-23 00:03:13] INFO root fetch - processPackages [params-proto]: Downloading https://files.pythonhosted.org/packages/0a/20/7ffbcebdd86abce1864462ec4fcf39151f39d0f8e059210862e1f42b0ee3/params_proto-2.9.6-py3-none-any.whl
[2023-07-23 00:03:13] INFO root fetch - processPackages [wyze-sdk]: Downloading https://files.pythonhosted.org/packages/56/e3/c695bc03afbf1806888cc963a9b41e159ca499bc1df220e40782962c7309/wyze_sdk-1.9.0-py3-none-any.whl
[2023-07-23 00:03:13] INFO root fetch - processPackages [MyBaleCloud]: Downloading https://files.pythonhosted.org/packages/25/bc/c30877d24b37c492ba7dedfaa6b78be46d7a3136da975b0e19a477c195e2/MyBaleCloud-0.1.tar.gz
[2023-07-23 00:03:13] INFO root fetch - processPackages [moptipyapps]: Downloading https://files.pythonhosted.org/packages/dd/b4/372f1e1ae19b5e3f8b5e9be2bda60edf1667543cd5ae4b16fbd6408c9958/moptipyapps-0.8.8.tar.gz
[2023-07-23 00:03:13] INFO root fetch - processPackages [ElisionPy]: Downloading https://files.pythonhosted.org/packages/54/e1/901f27aa7af1c5a8b528cabcde14685e3c7bbcde54f0b22b5e684f9c72e5/ElisionPy-0.0.7.tar.gz
[2023-07-23 00:03:13] INFO root fetch - processPackages [MyBaleCloud]: Downloading https://files.pythonhosted.org/packages/d4/12/8bc5492fb7b8befe8453d702488e71ac3bb8229e7577e3b6eadf9eed17e2/MyBaleCloud-0.2.tar.gz
[2023-07-23 00:03:13] INFO root fetch - processPackages [params-proto]: Downloading https://files.pythonhosted.org/packages/d8/3c/4d8cc65883f3aae60d9d73972b9e344a55ce4c97d4130dd3848b106578ae/params_proto-2.9.7-py3-none-any.whl
[2023-07-23 00:03:13] INFO root fetch - processPackages [MyBaleCloud]: Downloading https://files.pythonhosted.org/packages/d4/12/8bc5492fb7b8befe8453d702488e71ac3bb8229e7577e3b6eadf9eed17e2/MyBaleCloud-0.2.tar.gz
[2023-07-23 00:03:14] INFO root fetch - processPackages [MyBaleCloud]: executing diffoscope
[2023-07-23 00:03:14] INFO root fetch - processPackages [MyBaleCloud]: podman run --user 0:0 --rm -w /home/abi/fetcher -v /home/abi/fetcher/tmp:/home/abi/fetcher/tmp:ro -v /home/abi/fetcher/20230723:/home/abi/fetcher/20230723:rw registry.salsa.debian.org/reproducible-builds/diffoscope --no-progress tmp/MyBaleCloud-0.1.tar.gz tmp/MyBaleCloud-0.2.tar.gz --markdown 20230723/M/MyBaleCloud/0.1-0.2/diff.md --exclude *.pyd
[2023-07-23 00:03:14] INFO root fetch - processPackages [MyBaleCloud]: executing diffoscope
[2023-07-23 00:03:14] INFO root fetch - processPackages [MyBaleCloud]: podman run --user 0:0 --rm -w /home/abi/fetcher -v /home/abi/fetcher/tmp:/home/abi/fetcher/tmp:ro -v /home/abi/fetcher/20230723:/home/abi/fetcher/20230723:rw registry.salsa.debian.org/reproducible-builds/diffoscope --no-progress tmp/MyBaleCloud-0.1.tar.gz tmp/MyBaleCloud-0.2.tar.gz --markdown 20230723/M/MyBaleCloud/0.1-0.2/diff.md --exclude *.pyd
[2023-07-23 00:03:14] INFO root fetch - processPackages [params-proto]: executing diffoscope
[2023-07-23 00:03:14] INFO root fetch - processPackages [params-proto]: podman run --user 0:0 --rm -w /home/abi/fetcher -v /home/abi/fetcher/tmp:/home/abi/fetcher/tmp:ro -v /home/abi/fetcher/20230723:/home/abi/fetcher/20230723:rw registry.salsa.debian.org/reproducible-builds/diffoscope --no-progress tmp/params_proto-2.9.6-py3-none-any.whl.zip tmp/params_proto-2.9.7-py3-none-any.whl.zip --markdown 20230723/p/params-proto/2.9.6-2.9.7/diff.md --exclude *.pyd
[2023-07-23 00:03:14] INFO root fetch - processPackages [ElisionPy]: Downloading https://files.pythonhosted.org/packages/4b/93/6c4a72d0d88d17c0293d635d3dc527acf853be0dc3547e05d535db63d312/ElisionPy-0.0.8.tar.gz
[2023-07-23 00:03:14] INFO root fetch - processPackages [wyze-sdk]: Downloading https://files.pythonhosted.org/packages/d6/60/c7f27e4e00a62f0a2983325f74368669706dc7aa6670217929a40717d93e/wyze_sdk-2.0.0-py3-none-any.whl
[2023-07-23 00:03:14] INFO root fetch - processPackages [ElisionPy]: executing diffoscope
[2023-07-23 00:03:14] INFO root fetch - processPackages [ElisionPy]: podman run --user 0:0 --rm -w /home/abi/fetcher -v /home/abi/fetcher/tmp:/home/abi/fetcher/tmp:ro -v /home/abi/fetcher/20230723:/home/abi/fetcher/20230723:rw registry.salsa.debian.org/reproducible-builds/diffoscope --no-progress tmp/ElisionPy-0.0.7.tar.gz tmp/ElisionPy-0.0.8.tar.gz --markdown 20230723/E/ElisionPy/0.0.7-0.0.8/diff.md --exclude *.pyd
[2023-07-23 00:03:14] INFO root fetch - processPackages [wyze-sdk]: executing diffoscope
[2023-07-23 00:03:14] INFO root fetch - processPackages [wyze-sdk]: podman run --user 0:0 --rm -w /home/abi/fetcher -v /home/abi/fetcher/tmp:/home/abi/fetcher/tmp:ro -v /home/abi/fetcher/20230723:/home/abi/fetcher/20230723:rw registry.salsa.debian.org/reproducible-builds/diffoscope --no-progress tmp/wyze_sdk-1.9.0-py3-none-any.whl.zip tmp/wyze_sdk-2.0.0-py3-none-any.whl.zip --markdown 20230723/w/wyze-sdk/1.9.0-2.0.0/diff.md --exclude *.pyd
[2023-07-23 00:03:14] INFO root fetch - processPackages [moptipyapps]: Downloading https://files.pythonhosted.org/packages/99/84/e6a54ea53992f0d12000f77a325b6ffd82fd0a9248f130f966739810c773/moptipyapps-0.8.9.tar.gz
[2023-07-23 00:03:14] INFO root fetch - processPackages [moptipyapps]: executing diffoscope
[2023-07-23 00:03:14] INFO root fetch - processPackages [moptipyapps]: podman run --user 0:0 --rm -w /home/abi/fetcher -v /home/abi/fetcher/tmp:/home/abi/fetcher/tmp:ro -v /home/abi/fetcher/20230723:/home/abi/fetcher/20230723:rw registry.salsa.debian.org/reproducible-builds/diffoscope --no-progress tmp/moptipyapps-0.8.8.tar.gz tmp/moptipyapps-0.8.9.tar.gz --markdown 20230723/m/moptipyapps/0.8.8-0.8.9/diff.md --exclude *.pyd
[2023-07-23 00:03:15] INFO root fetch - processPackages [MyBaleCloud]: Remove: archive file [/home/abi/fetcher/tmp/MyBaleCloud-0.1.tar.gz]
[2023-07-23 00:03:15] INFO root fetch - processPackages [MyBaleCloud]: Remove: archive file [/home/abi/fetcher/tmp/MyBaleCloud-0.2.tar.gz]
[2023-07-23 00:03:15] INFO root fetch - main [MainThread]: End processing [MyBaleCloud]: success
[2023-07-23 00:03:15] INFO root fetch - processPackages [params-proto]: Remove: archive file [/home/abi/fetcher/tmp/params_proto-2.9.6-py3-none-any.whl.zip]
[2023-07-23 00:03:15] INFO root fetch - processPackages [params-proto]: Remove: archive file [/home/abi/fetcher/tmp/params_proto-2.9.7-py3-none-any.whl.zip]
[2023-07-23 00:03:15] INFO root fetch - main [MainThread]: End processing [params-proto]: success
[2023-07-23 00:03:15] INFO root fetch - main [MainThread]: End processing [MyBaleCloud]: success
[2023-07-23 00:03:15] INFO root fetch - processPackages [ElisionPy]: Remove: archive file [/home/abi/fetcher/tmp/ElisionPy-0.0.7.tar.gz]
[2023-07-23 00:03:15] INFO root fetch - processPackages [ElisionPy]: Remove: archive file [/home/abi/fetcher/tmp/ElisionPy-0.0.8.tar.gz]
[2023-07-23 00:03:15] INFO root fetch - main [MainThread]: End processing [ElisionPy]: success
[2023-07-23 00:03:15] INFO root fetch - processPackages [wyze-sdk]: Remove: archive file [/home/abi/fetcher/tmp/wyze_sdk-1.9.0-py3-none-any.whl.zip]
[2023-07-23 00:03:15] INFO root fetch - processPackages [wyze-sdk]: Remove: archive file [/home/abi/fetcher/tmp/wyze_sdk-2.0.0-py3-none-any.whl.zip]
[2023-07-23 00:03:15] INFO root fetch - main [MainThread]: End processing [wyze-sdk]: success
[2023-07-23 00:03:16] INFO root fetch - processPackages [moptipyapps]: Remove: archive file [/home/abi/fetcher/tmp/moptipyapps-0.8.8.tar.gz]
[2023-07-23 00:03:16] INFO root fetch - processPackages [moptipyapps]: Remove: archive file [/home/abi/fetcher/tmp/moptipyapps-0.8.9.tar.gz]
[2023-07-23 00:03:16] INFO root fetch - main [MainThread]: End processing [moptipyapps]: success
[2023-07-23 00:03:16] INFO root fetch - main [MainThread]: Store serial: [18997978]
